2024-08-29 13:26:42 info: =================================
2024-08-29 13:26:42 info: ======= ENV: development =======
2024-08-29 13:26:42 info: 🚀 App listening on the port 3000
2024-08-29 13:26:42 info: =================================
2024-08-29 14:38:55 info: =================================
2024-08-29 14:38:55 info: ======= ENV: development =======
2024-08-29 14:38:55 info: 🚀 App listening on the port 3000
2024-08-29 14:38:55 info: =================================
2024-08-29 14:39:33 info: [0mGET /api/v1/admin/orders [32m200[0m 151.774 ms - 241[0m
2024-08-29 14:43:13 info: =================================
2024-08-29 14:43:13 info: ======= ENV: development =======
2024-08-29 14:43:13 info: 🚀 App listening on the port 3000
2024-08-29 14:43:13 info: =================================
2024-08-29 14:43:16 info: [0mGET /api/v1/admin/orders [32m200[0m 48.640 ms - 241[0m
2024-08-29 14:47:01 info: =================================
2024-08-29 14:47:01 info: ======= ENV: development =======
2024-08-29 14:47:01 info: 🚀 App listening on the port 3000
2024-08-29 14:47:01 info: =================================
2024-08-29 14:47:04 info: [0mGET /api/v1/admin/orders [32m200[0m 53.967 ms - 268[0m
2024-08-29 14:47:53 info: =================================
2024-08-29 14:47:53 info: ======= ENV: development =======
2024-08-29 14:47:53 info: 🚀 App listening on the port 3000
2024-08-29 14:47:53 info: =================================
2024-08-29 14:47:59 info: [0mGET /api/v1/admin/orders [32m200[0m 57.203 ms - 512[0m
2024-08-29 15:04:59 info: =================================
2024-08-29 15:04:59 info: ======= ENV: development =======
2024-08-29 15:04:59 info: 🚀 App listening on the port 3000
2024-08-29 15:04:59 info: =================================
2024-08-29 15:05:02 error: [GET] /api/v1/admin/categories/ >> StatusCode:: 500, Message:: Invalid queries, check 'errors' property for more info.
2024-08-29 15:05:02 info: [0mGET /api/v1/admin/categories/ [31m500[0m 57.300 ms - 69[0m
2024-08-29 15:10:59 error: [GET] /api/v1/admin/categories/ >> StatusCode:: 500, Message:: Invalid queries, check 'errors' property for more info.
2024-08-29 15:10:59 info: [0mGET /api/v1/admin/categories/ [31m500[0m 4.943 ms - 69[0m
2024-08-29 15:11:01 error: [GET] /api/v1/admin/categories/1 >> StatusCode:: 500, Message:: Internal Server Error
2024-08-29 15:11:01 info: [0mGET /api/v1/admin/categories/1 [31m500[0m 62.905 ms - 35[0m
2024-08-29 15:11:42 error: [GET] /api/v1/admin/categories/ >> StatusCode:: 500, Message:: Invalid queries, check 'errors' property for more info.
2024-08-29 15:11:42 info: [0mGET /api/v1/admin/categories/ [31m500[0m 4.986 ms - 69[0m
2024-08-29 15:11:58 error: [GET] /api/v1/admin/categories/1 >> StatusCode:: 500, Message:: Internal Server Error
2024-08-29 15:11:58 info: [0mGET /api/v1/admin/categories/1 [31m500[0m 3.371 ms - 35[0m
2024-08-29 15:17:19 info: [0mGET /api/v1/admin/categories/1 [32m200[0m 26.893 ms - 99[0m
2024-08-29 15:17:31 error: [GET] /api/v1/admin/categories/ >> StatusCode:: 500, Message:: Invalid queries, check 'errors' property for more info.
2024-08-29 15:17:31 info: [0mGET /api/v1/admin/categories/ [31m500[0m 3.816 ms - 69[0m
2024-08-29 15:18:48 error: [GET] /api/v1/admin/categories/ >> StatusCode:: 500, Message:: Invalid queries, check 'errors' property for more info.
2024-08-29 15:18:48 info: [0mGET /api/v1/admin/categories/ [31m500[0m 3.291 ms - 69[0m
2024-08-29 15:18:52 info: [0mGET /api/v1/admin/categories/1 [32m200[0m 4.030 ms - 99[0m
2024-08-29 15:20:16 error: [POST] /api/v1/admin/categories/ >> StatusCode:: 400, Message:: name must be longer than or equal to 5 characters,name should not be empty,name must be a string, description must be a string, status must be a string,status should not be empty
2024-08-29 15:20:16 info: [0mPOST /api/v1/admin/categories/ [33m400[0m 10.509 ms - 192[0m
2024-08-29 15:20:22 error: [POST] /api/v1/admin/categories/ >> StatusCode:: 500, Message:: 
Invalid `this.prisma.category.create()` invocation in
D:\BACK-UP\task\DropX-Renew-Backend\src\services\categories.service.ts:27:35

  24 categoryData.created_at = new Date();
  25 categoryData.updated_at = new Date();
  26 
→ 27 return this.prisma.category.create({
       data: {
         name: "test category",
         description: "Just a test product",
         parent: 1,
                 ~
         status: "active",
         created_at: new Date("2024-08-29T08:20:22.020Z"),
         updated_at: new Date("2024-08-29T08:20:22.020Z")
       }
     })

Argument `parent`: Invalid value provided. Expected categoryCreateNestedOneWithoutChildrenInput, provided Int.
2024-08-29 15:20:22 info: [0mPOST /api/v1/admin/categories/ [31m500[0m 263.589 ms - 721[0m
2024-08-29 15:20:31 info: [0mPOST /api/v1/admin/categories/ [32m201[0m 22.731 ms - 246[0m
2024-08-29 15:20:59 error: [POST] /api/v1/admin/categories/ >> StatusCode:: 400, Message:: name must be longer than or equal to 5 characters,name should not be empty,name must be a string
2024-08-29 15:20:59 info: [0mPOST /api/v1/admin/categories/ [33m400[0m 4.493 ms - 110[0m
2024-08-29 15:21:09 error: [POST] /api/v1/admin/categories/ >> StatusCode:: 400, Message:: parent_id must be a number conforming to the specified constraints
2024-08-29 15:21:09 info: [0mPOST /api/v1/admin/categories/ [33m400[0m 4.127 ms - 80[0m
2024-08-29 15:21:28 error: [POST] /api/v1/admin/categories/ >> StatusCode:: 400, Message:: Unexpected token '}', ..."tatus": 
}" is not valid JSON
2024-08-29 15:21:28 info: [0mPOST /api/v1/admin/categories/ [33m400[0m 4.929 ms - 75[0m
2024-08-29 15:21:45 error: [POST] /api/v1/admin/categories/ >> StatusCode:: 400, Message:: Expected double-quoted property name in JSON at position 97
2024-08-29 15:21:45 info: [0mPOST /api/v1/admin/categories/ [33m400[0m 2.216 ms - 73[0m
2024-08-29 15:21:49 error: [POST] /api/v1/admin/categories/ >> StatusCode:: 400, Message:: status must be a string,status should not be empty
2024-08-29 15:21:49 info: [0mPOST /api/v1/admin/categories/ [33m400[0m 2.955 ms - 64[0m
2024-08-29 15:22:08 error: [POST] /api/v1/admin/categories/ >> StatusCode:: 409, Message:: Category already exists
2024-08-29 15:22:08 info: [0mPOST /api/v1/admin/categories/ [33m409[0m 5.161 ms - 37[0m
2024-08-29 15:22:13 info: [0mPOST /api/v1/admin/categories/ [32m201[0m 13.813 ms - 248[0m
2024-08-29 15:23:15 error: [POST] /api/v1/admin/categories/ >> StatusCode:: 400, Message:: name must be longer than or equal to 5 characters, parent_id must be a number conforming to the specified constraints
2024-08-29 15:23:15 info: [0mPOST /api/v1/admin/categories/ [33m400[0m 3.676 ms - 131[0m
2024-08-29 15:24:17 error: [POST] /api/v1/admin/categories/ >> StatusCode:: 400, Message:: Expected double-quoted property name in JSON at position 87
2024-08-29 15:24:17 info: [0mPOST /api/v1/admin/categories/ [33m400[0m 4.661 ms - 73[0m
2024-08-29 15:24:20 error: [POST] /api/v1/admin/categories/ >> StatusCode:: 400, Message:: name must be longer than or equal to 5 characters, parent_id must be a number conforming to the specified constraints, status must be a string,status should not be empty
2024-08-29 15:24:20 info: [0mPOST /api/v1/admin/categories/ [33m400[0m 4.336 ms - 183[0m
2024-08-29 15:24:43 error: [POST] /api/v1/admin/categories/ >> StatusCode:: 400, Message:: name must be longer than or equal to 5 characters,name should not be empty,name must be a string, parent_id must be a number conforming to the specified constraints, status must be a string,status should not be empty
2024-08-29 15:24:43 info: [0mPOST /api/v1/admin/categories/ [33m400[0m 3.717 ms - 230[0m
2024-08-29 15:26:30 error: [POST] /api/v1/admin/categories/ >> StatusCode:: 400, Message:: name must be longer than or equal to 5 characters
2024-08-29 15:26:30 info: [0mPOST /api/v1/admin/categories/ [33m400[0m 3.851 ms - 63[0m
2024-08-29 15:26:38 error: [POST] /api/v1/admin/categories/ >> StatusCode:: 400, Message:: name must be longer than or equal to 5 characters
2024-08-29 15:26:38 info: [0mPOST /api/v1/admin/categories/ [33m400[0m 2.418 ms - 63[0m
2024-08-29 15:26:59 error: [POST] /api/v1/admin/categories/ >> StatusCode:: 500, Message:: 
Invalid `this.prisma.category.create()` invocation in
D:\BACK-UP\task\DropX-Renew-Backend\src\services\categories.service.ts:27:35

  24 categoryData.created_at = new Date();
  25 categoryData.updated_at = new Date();
  26 
→ 27 return this.prisma.category.create(
Foreign key constraint failed on the field: `foreign key`
2024-08-29 15:26:59 info: [0mPOST /api/v1/admin/categories/ [31m500[0m 19.253 ms - 353[0m
2024-08-29 15:32:15 info: [0mPOST /api/v1/admin/categories/ [32m201[0m 20.939 ms - 246[0m
2024-08-29 15:33:34 info: [0mPUT /api/v1/admin/categories/2 [32m201[0m 24.928 ms - 237[0m
2024-08-29 15:33:40 error: [PUT] /api/v1/admin/categories/1 >> StatusCode:: 500, Message:: 
Invalid `this.prisma.category.findFirst()` invocation in
D:\BACK-UP\task\DropX-Renew-Backend\src\services\categories.service.ts:136:55

  133   }
  134 }
  135 
→ 136 const findCategory = await this.prisma.category.findFirst(
Inconsistent column data: Conversion failed: premature end of input
2024-08-29 15:33:40 info: [0mPUT /api/v1/admin/categories/1 [31m500[0m 36.990 ms - 324[0m
2024-08-29 15:33:48 error: [PUT] /api/v1/admin/categories/1 >> StatusCode:: 400, Message:: Unexpected token ',', ...""parent": ,
    "st"... is not valid JSON
2024-08-29 15:33:48 info: [0mPUT /api/v1/admin/categories/1 [33m400[0m 2.665 ms - 89[0m
2024-08-29 15:33:53 error: [PUT] /api/v1/admin/categories/1 >> StatusCode:: 500, Message:: 
Invalid `this.prisma.category.findFirst()` invocation in
D:\BACK-UP\task\DropX-Renew-Backend\src\services\categories.service.ts:136:55

  133   }
  134 }
  135 
→ 136 const findCategory = await this.prisma.category.findFirst(
Inconsistent column data: Conversion failed: premature end of input
2024-08-29 15:33:53 info: [0mPUT /api/v1/admin/categories/1 [31m500[0m 5.068 ms - 324[0m
2024-08-29 15:34:06 error: [PUT] /api/v1/admin/categories/1 >> StatusCode:: 409, Message:: Parent cannot be itself
2024-08-29 15:34:06 info: [0mPUT /api/v1/admin/categories/1 [33m409[0m 2.642 ms - 37[0m
2024-08-29 15:34:21 error: [PUT] /api/v1/admin/categories/2 >> StatusCode:: 409, Message:: Parent cannot be itself
2024-08-29 15:34:21 info: [0mPUT /api/v1/admin/categories/2 [33m409[0m 1.396 ms - 37[0m
2024-08-29 15:34:24 error: [PUT] /api/v1/admin/categories/2 >> StatusCode:: 500, Message:: 
Invalid `this.prisma.category.findFirst()` invocation in
D:\BACK-UP\task\DropX-Renew-Backend\src\services\categories.service.ts:125:59

  122 }
  123 
  124 if (categoryData.parent_id) {
→ 125   const parentCategory = await this.prisma.category.findFirst(
Inconsistent column data: Conversion failed: premature end of input
2024-08-29 15:34:24 info: [0mPUT /api/v1/admin/categories/2 [31m500[0m 8.870 ms - 354[0m
2024-08-29 15:35:28 error: [PUT] /api/v1/admin/categories/2 >> StatusCode:: 500, Message:: 
Invalid `this.prisma.category.findFirst()` invocation in
D:\BACK-UP\task\DropX-Renew-Backend\src\services\categories.service.ts:125:59

  122 }
  123 
  124 if (categoryData.parent_id) {
→ 125   const parentCategory = await this.prisma.category.findFirst(
Inconsistent column data: Conversion failed: premature end of input
2024-08-29 15:35:28 info: [0mPUT /api/v1/admin/categories/2 [31m500[0m 6.146 ms - 354[0m
2024-08-29 15:35:55 info: [0mGET /api/v1/admin/categories/2 [32m200[0m 2.627 ms - 117[0m
2024-08-29 15:35:57 error: [PUT] /api/v1/admin/categories/2 >> StatusCode:: 500, Message:: 
Invalid `this.prisma.category.findFirst()` invocation in
D:\BACK-UP\task\DropX-Renew-Backend\src\services\categories.service.ts:125:59

  122 }
  123 
  124 if (categoryData.parent_id) {
→ 125   const parentCategory = await this.prisma.category.findFirst(
Inconsistent column data: Conversion failed: premature end of input
2024-08-29 15:35:57 info: [0mPUT /api/v1/admin/categories/2 [31m500[0m 5.890 ms - 354[0m
2024-08-29 15:37:22 info: =================================
2024-08-29 15:37:22 info: ======= ENV: development =======
2024-08-29 15:37:22 info: 🚀 App listening on the port 3000
2024-08-29 15:37:22 info: =================================
2024-08-29 15:37:24 error: [PUT] /api/v1/admin/categories/2 >> StatusCode:: 500, Message:: 
Invalid `this.prisma.category.findFirst()` invocation in
D:\BACK-UP\task\DropX-Renew-Backend\src\services\categories.service.ts:125:59

  122 }
  123 
  124 if (categoryData.parent_id) {
→ 125   const parentCategory = await this.prisma.category.findFirst(
Inconsistent column data: Conversion failed: premature end of input
2024-08-29 15:37:24 info: [0mPUT /api/v1/admin/categories/2 [31m500[0m 54.279 ms - 354[0m
2024-08-29 15:38:16 error: [PUT] /api/v1/admin/categories/2 >> StatusCode:: 400, Message:: parent_id must be a number conforming to the specified constraints
2024-08-29 15:38:16 info: [0mPUT /api/v1/admin/categories/2 [33m400[0m 3.895 ms - 80[0m
2024-08-29 15:38:26 error: [PUT] /api/v1/admin/categories/2 >> StatusCode:: 500, Message:: 
Invalid `this.prisma.category.findFirst()` invocation in
D:\BACK-UP\task\DropX-Renew-Backend\src\services\categories.service.ts:125:59

  122 }
  123 
  124 if (categoryData.parent_id) {
→ 125   const parentCategory = await this.prisma.category.findFirst(
Inconsistent column data: Conversion failed: premature end of input
2024-08-29 15:38:26 info: [0mPUT /api/v1/admin/categories/2 [31m500[0m 9.955 ms - 354[0m
2024-08-29 15:38:39 error: [PUT] /api/v1/admin/categories/1 >> StatusCode:: 500, Message:: 
Invalid `this.prisma.category.findFirst()` invocation in
D:\BACK-UP\task\DropX-Renew-Backend\src\services\categories.service.ts:136:55

  133   }
  134 }
  135 
→ 136 const findCategory = await this.prisma.category.findFirst(
Inconsistent column data: Conversion failed: premature end of input
2024-08-29 15:38:39 info: [0mPUT /api/v1/admin/categories/1 [31m500[0m 4.537 ms - 324[0m
2024-08-29 15:38:53 error: [PUT] /api/v1/admin/categories/1 >> StatusCode:: 400, Message:: description must be a string, status must be a string,status should not be empty
2024-08-29 15:38:53 info: [0mPUT /api/v1/admin/categories/1 [33m400[0m 3.283 ms - 94[0m
2024-08-29 15:39:09 error: [PUT] /api/v1/admin/categories/1 >> StatusCode:: 400, Message:: description must be a string, status must be a string,status should not be empty
2024-08-29 15:39:09 info: [0mPUT /api/v1/admin/categories/1 [33m400[0m 3.040 ms - 94[0m
2024-08-29 15:39:44 error: [PUT] /api/v1/admin/categories/3 >> StatusCode:: 500, Message:: 
Invalid `this.prisma.category.findFirst()` invocation in
D:\BACK-UP\task\DropX-Renew-Backend\src\services\categories.service.ts:125:59

  122 }
  123 
  124 if (categoryData.parent_id) {
→ 125   const parentCategory = await this.prisma.category.findFirst(
Inconsistent column data: Conversion failed: premature end of input
2024-08-29 15:39:44 info: [0mPUT /api/v1/admin/categories/3 [31m500[0m 7.511 ms - 354[0m
2024-08-29 15:40:06 info: [0mPUT /api/v1/admin/categories/3 [32m201[0m 22.130 ms - 242[0m
2024-08-29 15:40:41 error: [PUT] /api/v1/admin/categories/3 >> StatusCode:: 400, Message:: Expected double-quoted property name in JSON at position 73
2024-08-29 15:40:41 info: [0mPUT /api/v1/admin/categories/3 [33m400[0m 9.667 ms - 73[0m
2024-08-29 15:40:46 error: [PUT] /api/v1/admin/categories/3 >> StatusCode:: 400, Message:: status must be a string,status should not be empty
2024-08-29 15:40:46 info: [0mPUT /api/v1/admin/categories/3 [33m400[0m 4.440 ms - 64[0m
2024-08-29 15:41:17 error: [PUT] /api/v1/admin/categories/3 >> StatusCode:: 400, Message:: name must be longer than or equal to 5 characters,name should not be empty,name must be a string
2024-08-29 15:41:17 info: [0mPUT /api/v1/admin/categories/3 [33m400[0m 3.147 ms - 110[0m
2024-08-29 15:41:58 error: [PUT] /api/v1/admin/categories/3 >> StatusCode:: 500, Message:: 
Invalid `this.prisma.category.findFirst()` invocation in
D:\BACK-UP\task\DropX-Renew-Backend\src\services\categories.service.ts:125:59

  122 }
  123 
  124 if (categoryData.parent_id) {
→ 125   const parentCategory = await this.prisma.category.findFirst(
Inconsistent column data: Conversion failed: premature end of input
2024-08-29 15:41:58 info: [0mPUT /api/v1/admin/categories/3 [31m500[0m 9.515 ms - 354[0m
2024-08-29 15:42:07 info: [0mPUT /api/v1/admin/categories/3 [32m201[0m 35.624 ms - 242[0m
2024-08-29 15:42:11 error: [PUT] /api/v1/admin/categories/3 >> StatusCode:: 500, Message:: 
Invalid `this.prisma.category.findFirst()` invocation in
D:\BACK-UP\task\DropX-Renew-Backend\src\services\categories.service.ts:125:59

  122 }
  123 
  124 if (categoryData.parent_id) {
→ 125   const parentCategory = await this.prisma.category.findFirst(
Inconsistent column data: Conversion failed: premature end of input
2024-08-29 15:42:11 info: [0mPUT /api/v1/admin/categories/3 [31m500[0m 8.519 ms - 354[0m
2024-08-29 15:42:27 info: [0mPUT /api/v1/admin/categories/3 [32m201[0m 14.301 ms - 242[0m
2024-08-29 15:42:32 info: [0mPUT /api/v1/admin/categories/3 [32m201[0m 41.191 ms - 242[0m
2024-08-29 15:42:37 error: [PUT] /api/v1/admin/categories/3 >> StatusCode:: 409, Message:: Parent cannot be itself
2024-08-29 15:42:37 info: [0mPUT /api/v1/admin/categories/3 [33m409[0m 5.700 ms - 37[0m
2024-08-29 15:42:40 error: [PUT] /api/v1/admin/categories/3 >> StatusCode:: 500, Message:: 
Invalid `this.prisma.category.findFirst()` invocation in
D:\BACK-UP\task\DropX-Renew-Backend\src\services\categories.service.ts:125:59

  122 }
  123 
  124 if (categoryData.parent_id) {
→ 125   const parentCategory = await this.prisma.category.findFirst(
Inconsistent column data: Conversion failed: premature end of input
2024-08-29 15:42:40 info: [0mPUT /api/v1/admin/categories/3 [31m500[0m 7.176 ms - 354[0m
2024-08-29 15:43:40 info: [0mPUT /api/v1/admin/categories/3 [32m201[0m 19.585 ms - 242[0m
2024-08-29 15:43:46 error: [POST] /api/v1/admin/categories/ >> StatusCode:: 409, Message:: Category already exists
2024-08-29 15:43:46 info: [0mPOST /api/v1/admin/categories/ [33m409[0m 4.184 ms - 37[0m
2024-08-29 15:43:50 info: [0mPOST /api/v1/admin/categories/ [32m201[0m 19.108 ms - 250[0m
2024-08-29 15:44:01 error: [PUT] /api/v1/admin/categories/3 >> StatusCode:: 500, Message:: 
Invalid `this.prisma.category.findFirst()` invocation in
D:\BACK-UP\task\DropX-Renew-Backend\src\services\categories.service.ts:125:59

  122 }
  123 
  124 if (categoryData.parent_id) {
→ 125   const parentCategory = await this.prisma.category.findFirst(
Inconsistent column data: Conversion failed: premature end of input
2024-08-29 15:44:01 info: [0mPUT /api/v1/admin/categories/3 [31m500[0m 5.805 ms - 354[0m
2024-08-29 15:45:31 error: [PUT] /api/v1/admin/categories/3 >> StatusCode:: 400, Message:: name must be longer than or equal to 5 characters,name should not be empty,name must be a string, description must be a string
2024-08-29 15:45:31 info: [0mPUT /api/v1/admin/categories/3 [33m400[0m 3.845 ms - 140[0m
2024-08-29 15:45:40 error: [PUT] /api/v1/admin/categories/3 >> StatusCode:: 500, Message:: 
Invalid `this.prisma.category.findFirst()` invocation in
D:\BACK-UP\task\DropX-Renew-Backend\src\services\categories.service.ts:125:59

  122 }
  123 
  124 if (categoryData.parent_id) {
→ 125   const parentCategory = await this.prisma.category.findFirst(
Inconsistent column data: Conversion failed: premature end of input
2024-08-29 15:45:40 info: [0mPUT /api/v1/admin/categories/3 [31m500[0m 7.654 ms - 354[0m
2024-08-29 15:47:19 info: [0mPUT /api/v1/admin/categories/3 [32m201[0m 30.212 ms - 242[0m
2024-08-29 15:47:33 error: [PUT] /api/v1/admin/categories/3 >> StatusCode:: 400, Message:: name must be longer than or equal to 5 characters,name must be a string
2024-08-29 15:47:33 info: [0mPUT /api/v1/admin/categories/3 [33m400[0m 1.858 ms - 85[0m
2024-08-29 15:47:38 error: [PUT] /api/v1/admin/categories/3 >> StatusCode:: 400, Message:: name must be longer than or equal to 5 characters,name must be a string
2024-08-29 15:47:38 info: [0mPUT /api/v1/admin/categories/3 [33m400[0m 2.546 ms - 85[0m
2024-08-29 15:47:58 error: [PUT] /api/v1/admin/categories/3 >> StatusCode:: 404, Message:: Parent category not found
2024-08-29 15:47:58 info: [0mPUT /api/v1/admin/categories/3 [33m404[0m 4.154 ms - 39[0m
2024-08-29 15:48:11 error: [PUT] /api/v1/admin/categories/3 >> StatusCode:: 400, Message:: status must be a string
2024-08-29 15:48:11 info: [0mPUT /api/v1/admin/categories/3 [33m400[0m 2.843 ms - 37[0m
2024-08-29 15:48:21 error: [PUT] /api/v1/admin/categories/3 >> StatusCode:: 400, Message:: status must be a string
2024-08-29 15:48:21 info: [0mPUT /api/v1/admin/categories/3 [33m400[0m 2.878 ms - 37[0m
2024-08-29 15:48:29 info: [0mPUT /api/v1/admin/categories/3 [32m201[0m 27.706 ms - 237[0m
2024-08-29 15:52:23 info: [0mPUT /api/v1/admin/categories/3 [32m201[0m 18.722 ms - 237[0m
2024-08-29 15:52:34 info: [0mPUT /api/v1/admin/categories/3 [32m201[0m 21.155 ms - 243[0m
2024-08-29 16:17:31 info: =================================
2024-08-29 16:17:31 info: ======= ENV: development =======
2024-08-29 16:17:31 info: 🚀 App listening on the port 3000
2024-08-29 16:17:31 info: =================================
2024-08-29 16:17:34 error: [POST] /api/v1/admin/categories/ >> StatusCode:: 400, Message:: name must be longer than or equal to 5 characters,name should not be empty,name must be a string, description must be a string, status must be a string,status should not be empty
2024-08-29 16:17:34 info: [0mPOST /api/v1/admin/categories/ [33m400[0m 13.922 ms - 192[0m
2024-08-29 16:44:54 info: =================================
2024-08-29 16:44:54 info: ======= ENV: development =======
2024-08-29 16:44:54 info: 🚀 App listening on the port 3000
2024-08-29 16:44:54 info: =================================
2024-08-29 16:45:21 info: [0mGET /api/v1/admin/sellers/ [32m200[0m 100.004 ms - 331[0m
2024-08-29 16:45:23 info: [0mGET /api/v1/admin/sellers/ [32m200[0m 4.484 ms - 331[0m
2024-08-29 16:45:38 info: [0mGET /api/v1/admin/tiers/ [32m200[0m 10.783 ms - 179[0m
2024-08-29 16:45:47 info: =================================
2024-08-29 16:45:47 info: ======= ENV: development =======
2024-08-29 16:45:47 info: 🚀 App listening on the port 3000
2024-08-29 16:45:47 info: =================================
2024-08-29 16:45:49 info: [0mGET /api/v1/admin/tiers/ [32m200[0m 17.067 ms - 192[0m
2024-08-29 16:46:15 info: =================================
2024-08-29 16:46:15 info: ======= ENV: development =======
2024-08-29 16:46:15 info: 🚀 App listening on the port 3000
2024-08-29 16:46:15 info: =================================
2024-08-29 16:46:23 info: =================================
2024-08-29 16:46:23 info: ======= ENV: development =======
2024-08-29 16:46:23 info: 🚀 App listening on the port 3000
2024-08-29 16:46:23 info: =================================
2024-08-29 16:46:25 info: [0mGET /api/v1/admin/tiers/ [32m200[0m 20.518 ms - 170[0m
2024-08-29 16:49:23 info: [0mGET /api/v1/admin/tiers/?page=1&status=active [32m200[0m 5.833 ms - 170[0m
2024-08-29 16:49:29 info: [0mGET /api/v1/admin/tiers/?page=1&status=delete [32m200[0m 6.705 ms - 170[0m
2024-08-29 16:51:58 info: =================================
2024-08-29 16:51:58 info: ======= ENV: development =======
2024-08-29 16:51:58 info: 🚀 App listening on the port 3000
2024-08-29 16:51:58 info: =================================
2024-08-29 16:53:04 info: =================================
2024-08-29 16:53:04 info: ======= ENV: development =======
2024-08-29 16:53:04 info: 🚀 App listening on the port 3000
2024-08-29 16:53:04 info: =================================
2024-08-29 16:53:33 info: =================================
2024-08-29 16:53:33 info: ======= ENV: development =======
2024-08-29 16:53:33 info: 🚀 App listening on the port 3000
2024-08-29 16:53:33 info: =================================
2024-08-29 16:54:19 info: [0mGET /api/v1/admin/tiers/?page=1&status=delete [32m200[0m 94.333 ms - 107[0m
2024-08-29 16:54:24 info: [0mGET /api/v1/admin/tiers/?page=1&status=deleted [32m200[0m 6.068 ms - 170[0m
2024-08-29 16:54:30 info: [0mGET /api/v1/admin/tiers/?page=1&status=delete [32m200[0m 3.982 ms - 107[0m
2024-08-29 16:55:03 info: [0mGET /api/v1/admin/tiers/?page=1 [32m200[0m 3.991 ms - 234[0m
2024-08-29 16:55:19 info: [0mGET /api/v1/admin/tiers/?page=1&status=%22delete%22 [32m200[0m 2.884 ms - 107[0m
2024-08-29 16:55:21 info: [0mGET /api/v1/admin/tiers/?page=1&status=%22deleted%22 [32m200[0m 3.071 ms - 107[0m
2024-08-29 16:55:27 info: [0mGET /api/v1/admin/tiers/?page=2 [32m200[0m 3.422 ms - 104[0m
2024-08-29 16:55:32 info: [0mGET /api/v1/admin/tiers/?page=1 [32m200[0m 12.426 ms - 234[0m
2024-08-29 17:14:28 info: =================================
2024-08-29 17:14:28 info: ======= ENV: development =======
2024-08-29 17:14:28 info: 🚀 App listening on the port 3000
2024-08-29 17:14:28 info: =================================
2024-08-29 17:14:35 info: [0mGET /api/v1/admin/tiers/1 [32m200[0m 19.213 ms - 215[0m
2024-08-29 17:15:00 info: =================================
2024-08-29 17:15:00 info: ======= ENV: development =======
2024-08-29 17:15:00 info: 🚀 App listening on the port 3000
2024-08-29 17:15:00 info: =================================
2024-08-29 17:15:02 info: [0mGET /api/v1/admin/tiers/1 [32m200[0m 14.327 ms - 206[0m
2024-08-29 17:15:14 info: =================================
2024-08-29 17:15:14 info: ======= ENV: development =======
2024-08-29 17:15:14 info: 🚀 App listening on the port 3000
2024-08-29 17:15:14 info: =================================
2024-08-29 17:15:17 info: [0mGET /api/v1/admin/tiers/1 [32m200[0m 19.334 ms - 186[0m
