2024-07-17 10:19:26 info: =================================
2024-07-17 10:19:26 info: ======= ENV: development =======
2024-07-17 10:19:26 info: 🚀 App listening on the port 3000
2024-07-17 10:19:26 info: =================================
2024-07-17 10:19:37 info: [0mGET / [33m404[0m 4.917 ms - 139[0m
2024-07-17 10:19:37 info: [0mGET /manifest.json [33m404[0m 2.011 ms - 152[0m
2024-07-17 10:19:37 info: [0mGET /static/js/bundle.js [33m404[0m 0.464 ms - 158[0m
2024-07-17 10:19:37 info: [0mGET /apple-touch-icon-precomposed.png [33m404[0m 0.922 ms - 171[0m
2024-07-17 10:19:37 info: [0mGET /apple-touch-icon.png [33m404[0m 0.360 ms - 159[0m
2024-07-17 10:19:43 info: [0mGET /api-docs [36m301[0m 2.717 ms - 183[0m
2024-07-17 10:19:43 info: [0mGET /api-docs/ [32m200[0m 6.633 ms - -[0m
2024-07-17 10:19:58 info: [0mGET /api-docs [36m301[0m 1.159 ms - 183[0m
2024-07-17 10:19:58 info: [0mGET /api-docs/ [36m304[0m 2.083 ms - -[0m
2024-07-17 10:20:16 info: [0mGET /api-docs [36m301[0m 1.161 ms - 183[0m
2024-07-17 10:20:16 info: [0mGET /api-docs/ [36m304[0m 0.678 ms - -[0m
2024-07-17 10:20:31 info: [0mGET /api-docs/ [32m200[0m 1.741 ms - -[0m
2024-07-17 10:20:37 info: [0mGET /api-docs/ [32m200[0m 1.422 ms - -[0m
2024-07-17 10:20:37 info: [0mGET /api-docs/swagger-ui-init.js [32m200[0m 0.677 ms - -[0m
2024-07-17 10:20:37 info: [0mGET /api-docs/swagger-ui.css [32m200[0m 6.604 ms - -[0m
2024-07-17 10:20:37 info: [0mGET /api-docs/swagger-ui-standalone-preset.js [32m200[0m 3.867 ms - -[0m
2024-07-17 10:20:37 info: [0mGET /api-docs/swagger-ui-bundle.js [32m200[0m 4.665 ms - -[0m
2024-07-17 10:20:37 info: [0mGET /api-docs/favicon-32x32.png [32m200[0m 0.790 ms - 628[0m
2024-07-17 10:21:50 info: =================================
2024-07-17 10:21:50 info: ======= ENV: development =======
2024-07-17 10:21:50 info: 🚀 App listening on the port 3000
2024-07-17 10:21:50 info: =================================
2024-07-17 10:22:14 error: [POST] /login >> StatusCode:: 500, Message:: Cannot read properties of undefined (reading 'login')
2024-07-17 10:22:14 info: [0mPOST /login [31m500[0m 10.768 ms - 67[0m
2024-07-17 10:23:17 error: [POST] /login >> StatusCode:: 500, Message:: Cannot read properties of undefined (reading 'login')
2024-07-17 10:23:17 info: [0mPOST /login [31m500[0m 2.154 ms - 67[0m
2024-07-17 10:23:18 error: [POST] /login >> StatusCode:: 500, Message:: Cannot read properties of undefined (reading 'login')
2024-07-17 10:23:18 info: [0mPOST /login [31m500[0m 1.112 ms - 67[0m
2024-07-17 10:23:28 info: =================================
2024-07-17 10:23:28 info: ======= ENV: development =======
2024-07-17 10:23:28 info: 🚀 App listening on the port 3000
2024-07-17 10:23:28 info: =================================
2024-07-17 10:24:01 error: [POST] /login >> StatusCode:: 500, Message:: Cannot read properties of undefined (reading 'login')
2024-07-17 10:24:01 info: [0mPOST /login [31m500[0m 5908.336 ms - 67[0m
2024-07-17 10:24:25 error: [POST] /login >> StatusCode:: 500, Message:: Cannot read properties of undefined (reading 'login')
2024-07-17 10:24:25 info: [0mPOST /login [31m500[0m 11353.471 ms - 67[0m
2024-07-17 10:24:56 info: =================================
2024-07-17 10:24:56 info: ======= ENV: development =======
2024-07-17 10:24:56 info: 🚀 App listening on the port 3000
2024-07-17 10:24:56 info: =================================
2024-07-17 10:24:58 info: =================================
2024-07-17 10:24:58 info: ======= ENV: development =======
2024-07-17 10:24:58 info: 🚀 App listening on the port 3000
2024-07-17 10:24:58 info: =================================
2024-07-17 10:25:00 error: [POST] /login >> StatusCode:: 500, Message:: Service with "MaybeConstructable<t>" identifier was not found in the container. Register it before usage via explicitly calling the "Container.set" function or using the "@Service()" decorator.
2024-07-17 10:25:00 info: [0mPOST /login [31m500[0m 14.163 ms - 213[0m
2024-07-17 10:25:08 error: [POST] /login >> StatusCode:: 500, Message:: Cannot read properties of undefined (reading 'user')
2024-07-17 10:25:08 info: [0mPOST /login [31m500[0m 5430.318 ms - 66[0m
2024-07-17 10:25:12 info: =================================
2024-07-17 10:25:12 info: ======= ENV: development =======
2024-07-17 10:25:12 info: 🚀 App listening on the port 3000
2024-07-17 10:25:12 info: =================================
2024-07-17 10:25:15 error: [POST] /login >> StatusCode:: 500, Message:: Service with "MaybeConstructable<t>" identifier was not found in the container. Register it before usage via explicitly calling the "Container.set" function or using the "@Service()" decorator.
2024-07-17 10:25:15 info: [0mPOST /login [31m500[0m 10.781 ms - 213[0m
2024-07-17 10:25:25 error: [POST] /login >> StatusCode:: 500, Message:: Cannot read properties of undefined (reading 'user')
2024-07-17 10:25:25 info: [0mPOST /login [31m500[0m 4527.565 ms - 66[0m
2024-07-17 10:25:32 error: [POST] /login >> StatusCode:: 500, Message:: Cannot read properties of undefined (reading 'user')
2024-07-17 10:25:32 info: [0mPOST /login [31m500[0m 4719.962 ms - 66[0m
2024-07-17 10:25:50 info: =================================
2024-07-17 10:25:50 info: ======= ENV: development =======
2024-07-17 10:25:50 info: 🚀 App listening on the port 3000
2024-07-17 10:25:50 info: =================================
2024-07-17 10:25:53 info: =================================
2024-07-17 10:25:53 info: ======= ENV: development =======
2024-07-17 10:25:53 info: 🚀 App listening on the port 3000
2024-07-17 10:25:53 info: =================================
2024-07-17 10:26:02 error: [POST] /login >> StatusCode:: 409, Message:: This email duytd@vggate.com was not found
2024-07-17 10:26:02 info: [0mPOST /login [33m409[0m 6842.583 ms - 55[0m
2024-07-17 10:26:41 info: =================================
2024-07-17 10:26:41 info: ======= ENV: development =======
2024-07-17 10:26:41 info: 🚀 App listening on the port 3000
2024-07-17 10:26:41 info: =================================
2024-07-17 10:26:45 info: =================================
2024-07-17 10:26:45 info: ======= ENV: development =======
2024-07-17 10:26:45 info: 🚀 App listening on the port 3000
2024-07-17 10:26:45 info: =================================
2024-07-17 10:26:50 info: =================================
2024-07-17 10:26:50 info: ======= ENV: development =======
2024-07-17 10:26:50 info: 🚀 App listening on the port 3000
2024-07-17 10:26:50 info: =================================
2024-07-17 10:26:53 info: =================================
2024-07-17 10:26:53 info: ======= ENV: development =======
2024-07-17 10:26:53 info: 🚀 App listening on the port 3000
2024-07-17 10:26:53 info: =================================
2024-07-17 10:27:00 error: [POST] /login >> StatusCode:: 409, Message:: Password is not matching
2024-07-17 10:27:00 info: [0mPOST /login [33m409[0m 5706.775 ms - 38[0m
2024-07-17 10:27:12 error: [POST] /login >> StatusCode:: 409, Message:: Password is not matching
2024-07-17 10:27:12 info: [0mPOST /login [33m409[0m 5382.037 ms - 38[0m
2024-07-17 10:28:13 info: [0mPOST /signup [32m201[0m 55.258 ms - 138[0m
2024-07-17 10:28:26 error: [POST] /login >> StatusCode:: 409, Message:: This email duytd2@vggate.com was not found
2024-07-17 10:28:26 info: [0mPOST /login [33m409[0m 4660.067 ms - 56[0m
2024-07-17 10:29:47 info: =================================
2024-07-17 10:29:47 info: ======= ENV: development =======
2024-07-17 10:29:47 info: 🚀 App listening on the port 3000
2024-07-17 10:29:47 info: =================================
2024-07-17 10:29:55 info: =================================
2024-07-17 10:29:55 info: ======= ENV: development =======
2024-07-17 10:29:55 info: 🚀 App listening on the port 3000
2024-07-17 10:29:55 info: =================================
2024-07-17 10:30:21 info: =================================
2024-07-17 10:30:21 info: ======= ENV: development =======
2024-07-17 10:30:21 info: 🚀 App listening on the port 3000
2024-07-17 10:30:21 info: =================================
2024-07-17 10:30:25 info: =================================
2024-07-17 10:30:25 info: ======= ENV: development =======
2024-07-17 10:30:25 info: 🚀 App listening on the port 3000
2024-07-17 10:30:25 info: =================================
2024-07-17 10:30:44 error: [POST] /signup >> StatusCode:: 500, Message:: 
Invalid `this.prismaClient.user.create()` invocation in
/Users/dtd/Desktop/external drive backup/Projects/Node/project name 2/src/services/auth.service.ts:38:55

  35 
  36 const hashedPassword = await hash(userData.password, 10);
  37 const createUserData: User = { id: UserModel.length + 1, ...userData, password: hashedPassword };
→ 38 const createResult = await this.prismaClient.user.create(
Unique constraint failed on the fields: (`id`)
2024-07-17 10:30:44 info: [0mPOST /signup [31m500[0m 2352.204 ms - 468[0m
2024-07-17 10:31:07 info: =================================
2024-07-17 10:31:07 info: ======= ENV: development =======
2024-07-17 10:31:07 info: 🚀 App listening on the port 3000
2024-07-17 10:31:07 info: =================================
2024-07-17 10:31:13 info: =================================
2024-07-17 10:31:13 info: ======= ENV: development =======
2024-07-17 10:31:13 info: 🚀 App listening on the port 3000
2024-07-17 10:31:13 info: =================================
2024-07-17 10:31:27 info: =================================
2024-07-17 10:31:27 info: ======= ENV: development =======
2024-07-17 10:31:27 info: 🚀 App listening on the port 3000
2024-07-17 10:31:27 info: =================================
2024-07-17 10:31:32 info: =================================
2024-07-17 10:31:32 info: ======= ENV: development =======
2024-07-17 10:31:32 info: 🚀 App listening on the port 3000
2024-07-17 10:31:32 info: =================================
2024-07-17 10:31:43 info: [0mPOST /signup [32m201[0m 9605.881 ms - 138[0m
2024-07-17 10:32:13 info: [0mPOST /login [32m200[0m 24821.051 ms - 137[0m
2024-07-17 10:32:32 info: =================================
2024-07-17 10:32:32 info: ======= ENV: development =======
2024-07-17 10:32:32 info: 🚀 App listening on the port 3000
2024-07-17 10:32:32 info: =================================
2024-07-17 10:34:14 info: =================================
2024-07-17 10:34:14 info: ======= ENV: development =======
2024-07-17 10:34:14 info: 🚀 App listening on the port 3000
2024-07-17 10:34:14 info: =================================
2024-07-17 10:35:21 info: =================================
2024-07-17 10:35:21 info: ======= ENV: development =======
2024-07-17 10:35:21 info: 🚀 App listening on the port 3000
2024-07-17 10:35:21 info: =================================
2024-07-17 10:35:22 info: =================================
2024-07-17 10:35:22 info: ======= ENV: development =======
2024-07-17 10:35:22 info: 🚀 App listening on the port 3000
2024-07-17 10:35:22 info: =================================
2024-07-17 10:35:31 info: =================================
2024-07-17 10:35:31 info: ======= ENV: development =======
2024-07-17 10:35:31 info: 🚀 App listening on the port 3000
2024-07-17 10:35:31 info: =================================
2024-07-17 10:35:36 info: =================================
2024-07-17 10:35:36 info: ======= ENV: development =======
2024-07-17 10:35:36 info: 🚀 App listening on the port 3000
2024-07-17 10:35:36 info: =================================
2024-07-17 10:36:03 info: =================================
2024-07-17 10:36:03 info: ======= ENV: development =======
2024-07-17 10:36:03 info: 🚀 App listening on the port 3000
2024-07-17 10:36:03 info: =================================
2024-07-17 10:36:13 info: =================================
2024-07-17 10:36:13 info: ======= ENV: development =======
2024-07-17 10:36:13 info: 🚀 App listening on the port 3000
2024-07-17 10:36:13 info: =================================
2024-07-17 10:36:19 info: =================================
2024-07-17 10:36:19 info: ======= ENV: development =======
2024-07-17 10:36:19 info: 🚀 App listening on the port 3000
2024-07-17 10:36:19 info: =================================
2024-07-17 10:36:21 info: =================================
2024-07-17 10:36:21 info: ======= ENV: development =======
2024-07-17 10:36:21 info: 🚀 App listening on the port 3000
2024-07-17 10:36:21 info: =================================
2024-07-17 10:36:26 info: =================================
2024-07-17 10:36:26 info: ======= ENV: development =======
2024-07-17 10:36:26 info: 🚀 App listening on the port 3000
2024-07-17 10:36:26 info: =================================
2024-07-17 10:36:32 info: =================================
2024-07-17 10:36:32 info: ======= ENV: development =======
2024-07-17 10:36:32 info: 🚀 App listening on the port 3000
2024-07-17 10:36:32 info: =================================
2024-07-17 10:36:33 info: =================================
2024-07-17 10:36:33 info: ======= ENV: development =======
2024-07-17 10:36:33 info: 🚀 App listening on the port 3000
2024-07-17 10:36:33 info: =================================
2024-07-17 10:36:42 info: =================================
2024-07-17 10:36:42 info: ======= ENV: development =======
2024-07-17 10:36:42 info: 🚀 App listening on the port 3000
2024-07-17 10:36:42 info: =================================
2024-07-17 10:36:59 info: =================================
2024-07-17 10:36:59 info: ======= ENV: development =======
2024-07-17 10:36:59 info: 🚀 App listening on the port 3000
2024-07-17 10:36:59 info: =================================
2024-07-17 10:37:01 info: =================================
2024-07-17 10:37:01 info: ======= ENV: development =======
2024-07-17 10:37:01 info: 🚀 App listening on the port 3000
2024-07-17 10:37:01 info: =================================
2024-07-17 10:38:42 info: =================================
2024-07-17 10:38:42 info: ======= ENV: development =======
2024-07-17 10:38:42 info: 🚀 App listening on the port 3000
2024-07-17 10:38:42 info: =================================
2024-07-17 10:39:32 info: =================================
2024-07-17 10:39:32 info: ======= ENV: development =======
2024-07-17 10:39:32 info: 🚀 App listening on the port 3000
2024-07-17 10:39:32 info: =================================
2024-07-17 10:39:34 info: =================================
2024-07-17 10:39:34 info: ======= ENV: development =======
2024-07-17 10:39:34 info: 🚀 App listening on the port 3000
2024-07-17 10:39:34 info: =================================
2024-07-17 10:39:52 info: =================================
2024-07-17 10:39:52 info: ======= ENV: development =======
2024-07-17 10:39:52 info: 🚀 App listening on the port 3000
2024-07-17 10:39:52 info: =================================
2024-07-17 10:39:56 info: =================================
2024-07-17 10:39:56 info: ======= ENV: development =======
2024-07-17 10:39:56 info: 🚀 App listening on the port 3000
2024-07-17 10:39:56 info: =================================
2024-07-17 10:39:59 info: =================================
2024-07-17 10:39:59 info: ======= ENV: development =======
2024-07-17 10:39:59 info: 🚀 App listening on the port 3000
2024-07-17 10:39:59 info: =================================
2024-07-17 10:40:14 info: =================================
2024-07-17 10:40:14 info: ======= ENV: development =======
2024-07-17 10:40:14 info: 🚀 App listening on the port 3000
2024-07-17 10:40:14 info: =================================
2024-07-17 10:40:19 info: =================================
2024-07-17 10:40:19 info: ======= ENV: development =======
2024-07-17 10:40:19 info: 🚀 App listening on the port 3000
2024-07-17 10:40:19 info: =================================
2024-07-17 10:40:42 info: =================================
2024-07-17 10:40:42 info: ======= ENV: development =======
2024-07-17 10:40:42 info: 🚀 App listening on the port 3000
2024-07-17 10:40:42 info: =================================
2024-07-17 10:40:52 info: =================================
2024-07-17 10:40:52 info: ======= ENV: development =======
2024-07-17 10:40:52 info: 🚀 App listening on the port 3000
2024-07-17 10:40:52 info: =================================
2024-07-17 10:41:02 info: =================================
2024-07-17 10:41:02 info: ======= ENV: development =======
2024-07-17 10:41:02 info: 🚀 App listening on the port 3000
2024-07-17 10:41:02 info: =================================
2024-07-17 10:41:16 info: =================================
2024-07-17 10:41:16 info: ======= ENV: development =======
2024-07-17 10:41:16 info: 🚀 App listening on the port 3000
2024-07-17 10:41:16 info: =================================
2024-07-17 10:41:31 info: =================================
2024-07-17 10:41:31 info: ======= ENV: development =======
2024-07-17 10:41:31 info: 🚀 App listening on the port 3000
2024-07-17 10:41:31 info: =================================
2024-07-17 10:41:42 info: =================================
2024-07-17 10:41:42 info: ======= ENV: development =======
2024-07-17 10:41:42 info: 🚀 App listening on the port 3000
2024-07-17 10:41:42 info: =================================
2024-07-17 10:42:01 info: =================================
2024-07-17 10:42:01 info: ======= ENV: development =======
2024-07-17 10:42:01 info: 🚀 App listening on the port 3000
2024-07-17 10:42:01 info: =================================
2024-07-17 10:42:15 info: =================================
2024-07-17 10:42:15 info: ======= ENV: development =======
2024-07-17 10:42:15 info: 🚀 App listening on the port 3000
2024-07-17 10:42:15 info: =================================
2024-07-17 10:42:18 info: =================================
2024-07-17 10:42:18 info: ======= ENV: development =======
2024-07-17 10:42:18 info: 🚀 App listening on the port 3000
2024-07-17 10:42:18 info: =================================
2024-07-17 10:42:23 info: =================================
2024-07-17 10:42:23 info: ======= ENV: development =======
2024-07-17 10:42:23 info: 🚀 App listening on the port 3000
2024-07-17 10:42:23 info: =================================
2024-07-17 10:42:40 info: =================================
2024-07-17 10:42:40 info: ======= ENV: development =======
2024-07-17 10:42:40 info: 🚀 App listening on the port 3000
2024-07-17 10:42:40 info: =================================
2024-07-17 10:42:45 info: =================================
2024-07-17 10:42:45 info: ======= ENV: development =======
2024-07-17 10:42:45 info: 🚀 App listening on the port 3000
2024-07-17 10:42:45 info: =================================
2024-07-17 10:43:05 info: =================================
2024-07-17 10:43:05 info: ======= ENV: development =======
2024-07-17 10:43:05 info: 🚀 App listening on the port 3000
2024-07-17 10:43:05 info: =================================
2024-07-17 10:43:50 info: =================================
2024-07-17 10:43:50 info: ======= ENV: development =======
2024-07-17 10:43:50 info: 🚀 App listening on the port 3000
2024-07-17 10:43:50 info: =================================
2024-07-17 10:43:52 info: =================================
2024-07-17 10:43:52 info: ======= ENV: development =======
2024-07-17 10:43:52 info: 🚀 App listening on the port 3000
2024-07-17 10:43:52 info: =================================
2024-07-17 10:44:17 info: =================================
2024-07-17 10:44:17 info: ======= ENV: development =======
2024-07-17 10:44:17 info: 🚀 App listening on the port 3000
2024-07-17 10:44:17 info: =================================
2024-07-17 10:44:20 info: =================================
2024-07-17 10:44:20 info: ======= ENV: development =======
2024-07-17 10:44:21 info: 🚀 App listening on the port 3000
2024-07-17 10:44:21 info: =================================
2024-07-17 10:44:41 info: =================================
2024-07-17 10:44:41 info: ======= ENV: development =======
2024-07-17 10:44:41 info: 🚀 App listening on the port 3000
2024-07-17 10:44:41 info: =================================
2024-07-17 10:44:42 info: =================================
2024-07-17 10:44:42 info: ======= ENV: development =======
2024-07-17 10:44:42 info: 🚀 App listening on the port 3000
2024-07-17 10:44:42 info: =================================
2024-07-17 10:44:45 info: =================================
2024-07-17 10:44:45 info: ======= ENV: development =======
2024-07-17 10:44:45 info: 🚀 App listening on the port 3000
2024-07-17 10:44:45 info: =================================
2024-07-17 10:44:53 info: =================================
2024-07-17 10:44:53 info: ======= ENV: development =======
2024-07-17 10:44:53 info: 🚀 App listening on the port 3000
2024-07-17 10:44:53 info: =================================
2024-07-17 10:44:54 info: =================================
2024-07-17 10:44:54 info: ======= ENV: development =======
2024-07-17 10:44:54 info: 🚀 App listening on the port 3000
2024-07-17 10:44:54 info: =================================
2024-07-17 10:45:05 info: =================================
2024-07-17 10:45:05 info: ======= ENV: development =======
2024-07-17 10:45:05 info: 🚀 App listening on the port 3000
2024-07-17 10:45:05 info: =================================
2024-07-17 10:45:11 info: =================================
2024-07-17 10:45:11 info: ======= ENV: development =======
2024-07-17 10:45:11 info: 🚀 App listening on the port 3000
2024-07-17 10:45:11 info: =================================
2024-07-17 10:45:20 info: =================================
2024-07-17 10:45:20 info: ======= ENV: development =======
2024-07-17 10:45:20 info: 🚀 App listening on the port 3000
2024-07-17 10:45:20 info: =================================
2024-07-17 10:45:32 info: =================================
2024-07-17 10:45:32 info: ======= ENV: development =======
2024-07-17 10:45:32 info: 🚀 App listening on the port 3000
2024-07-17 10:45:32 info: =================================
2024-07-17 10:45:52 info: =================================
2024-07-17 10:45:52 info: ======= ENV: development =======
2024-07-17 10:45:52 info: 🚀 App listening on the port 3000
2024-07-17 10:45:52 info: =================================
2024-07-17 10:45:59 info: =================================
2024-07-17 10:45:59 info: ======= ENV: development =======
2024-07-17 10:45:59 info: 🚀 App listening on the port 3000
2024-07-17 10:45:59 info: =================================
2024-07-17 10:46:02 info: =================================
2024-07-17 10:46:02 info: ======= ENV: development =======
2024-07-17 10:46:02 info: 🚀 App listening on the port 3000
2024-07-17 10:46:02 info: =================================
2024-07-17 10:46:07 info: =================================
2024-07-17 10:46:07 info: ======= ENV: development =======
2024-07-17 10:46:07 info: 🚀 App listening on the port 3000
2024-07-17 10:46:07 info: =================================
2024-07-17 10:46:10 info: =================================
2024-07-17 10:46:10 info: ======= ENV: development =======
2024-07-17 10:46:10 info: 🚀 App listening on the port 3000
2024-07-17 10:46:10 info: =================================
2024-07-17 10:46:17 info: =================================
2024-07-17 10:46:17 info: ======= ENV: development =======
2024-07-17 10:46:17 info: 🚀 App listening on the port 3000
2024-07-17 10:46:17 info: =================================
2024-07-17 10:46:27 info: =================================
2024-07-17 10:46:27 info: ======= ENV: development =======
2024-07-17 10:46:27 info: 🚀 App listening on the port 3000
2024-07-17 10:46:27 info: =================================
2024-07-17 10:46:37 info: =================================
2024-07-17 10:46:37 info: ======= ENV: development =======
2024-07-17 10:46:37 info: 🚀 App listening on the port 3000
2024-07-17 10:46:37 info: =================================
2024-07-17 10:46:55 error: [GET] /categories >> StatusCode:: 500, Message:: Cannot read properties of undefined (reading 'findAll')
2024-07-17 10:46:55 info: [0mGET /categories [31m500[0m 5.768 ms - 69[0m
2024-07-17 10:47:27 info: =================================
2024-07-17 10:47:27 info: ======= ENV: development =======
2024-07-17 10:47:27 info: 🚀 App listening on the port 3000
2024-07-17 10:47:27 info: =================================
2024-07-17 10:47:57 error: [GET] /categories >> StatusCode:: 500, Message:: Cannot read properties of undefined (reading 'findAll')
2024-07-17 10:47:57 info: [0mGET /categories [31m500[0m 12662.518 ms - 69[0m
2024-07-17 10:48:32 info: =================================
2024-07-17 10:48:32 info: ======= ENV: development =======
2024-07-17 10:48:32 info: 🚀 App listening on the port 3000
2024-07-17 10:48:32 info: =================================
2024-07-17 10:48:41 info: [0mGET /categories [32m200[0m 3975.212 ms - 31[0m
2024-07-17 10:48:58 info: =================================
2024-07-17 10:48:58 info: ======= ENV: development =======
2024-07-17 10:48:58 info: 🚀 App listening on the port 3000
2024-07-17 10:48:58 info: =================================
2024-07-17 10:49:03 info: =================================
2024-07-17 10:49:03 info: ======= ENV: development =======
2024-07-17 10:49:03 info: 🚀 App listening on the port 3000
2024-07-17 10:49:03 info: =================================
2024-07-17 10:52:28 info: [0mGET /categories [32m200[0m 22702.777 ms - 31[0m
2024-07-17 10:52:31 error: [POST] /categories >> StatusCode:: 400, Message:: name must be longer than or equal to 5 characters, parent_id must be a number conforming to the specified constraints, created_at must be a Date instance, updated_at must be a Date instance
2024-07-17 10:52:31 info: [0mPOST /categories [33m400[0m 7.092 ms - 203[0m
2024-07-17 10:52:36 error: [POST] /categories >> StatusCode:: 400, Message:: parent_id must be a number conforming to the specified constraints, created_at must be a Date instance, updated_at must be a Date instance
2024-07-17 10:52:36 info: [0mPOST /categories [33m400[0m 1.960 ms - 152[0m
2024-07-17 10:53:13 error: [POST] /categories >> StatusCode:: 400, Message:: parent_id must be a number conforming to the specified constraints, created_at must be a Date instance, updated_at must be a Date instance
2024-07-17 10:53:13 info: [0mPOST /categories [33m400[0m 1.637 ms - 152[0m
2024-07-17 10:53:24 info: =================================
2024-07-17 10:53:24 info: ======= ENV: development =======
2024-07-17 10:53:24 info: 🚀 App listening on the port 3000
2024-07-17 10:53:24 info: =================================
2024-07-17 10:53:53 info: =================================
2024-07-17 10:53:53 info: ======= ENV: development =======
2024-07-17 10:53:53 info: 🚀 App listening on the port 3000
2024-07-17 10:53:53 info: =================================
2024-07-17 10:53:56 error: [POST] /categories >> StatusCode:: 400, Message:: parent_id must be a number conforming to the specified constraints, created_at must be a Date instance, updated_at must be a Date instance
2024-07-17 10:53:56 info: [0mPOST /categories [33m400[0m 13.672 ms - 152[0m
2024-07-17 10:53:56 error: [POST] /categories >> StatusCode:: 400, Message:: parent_id must be a number conforming to the specified constraints, created_at must be a Date instance, updated_at must be a Date instance
2024-07-17 10:53:56 info: [0mPOST /categories [33m400[0m 2.135 ms - 152[0m
2024-07-17 10:54:22 info: =================================
2024-07-17 10:54:22 info: ======= ENV: development =======
2024-07-17 10:54:22 info: 🚀 App listening on the port 3000
2024-07-17 10:54:22 info: =================================
2024-07-17 10:54:23 info: =================================
2024-07-17 10:54:23 info: ======= ENV: development =======
2024-07-17 10:54:23 info: 🚀 App listening on the port 3000
2024-07-17 10:54:23 info: =================================
2024-07-17 10:54:29 error: [POST] /categories >> StatusCode:: 400, Message:: parent_id must be a number conforming to the specified constraints, created_at must be a Date instance, updated_at must be a Date instance
2024-07-17 10:54:29 info: [0mPOST /categories [33m400[0m 10.938 ms - 152[0m
2024-07-17 10:54:30 error: [POST] /categories >> StatusCode:: 400, Message:: parent_id must be a number conforming to the specified constraints, created_at must be a Date instance, updated_at must be a Date instance
2024-07-17 10:54:30 info: [0mPOST /categories [33m400[0m 3.202 ms - 152[0m
2024-07-17 10:54:30 error: [POST] /categories >> StatusCode:: 400, Message:: parent_id must be a number conforming to the specified constraints, created_at must be a Date instance, updated_at must be a Date instance
2024-07-17 10:54:30 info: [0mPOST /categories [33m400[0m 1.677 ms - 152[0m
2024-07-17 10:54:30 error: [POST] /categories >> StatusCode:: 400, Message:: parent_id must be a number conforming to the specified constraints, created_at must be a Date instance, updated_at must be a Date instance
2024-07-17 10:54:30 info: [0mPOST /categories [33m400[0m 1.606 ms - 152[0m
2024-07-17 10:54:30 error: [POST] /categories >> StatusCode:: 400, Message:: parent_id must be a number conforming to the specified constraints, created_at must be a Date instance, updated_at must be a Date instance
2024-07-17 10:54:30 info: [0mPOST /categories [33m400[0m 2.490 ms - 152[0m
2024-07-17 10:54:40 info: =================================
2024-07-17 10:54:40 info: ======= ENV: development =======
2024-07-17 10:54:40 info: 🚀 App listening on the port 3000
2024-07-17 10:54:40 info: =================================
2024-07-17 10:54:41 error: [POST] /categories >> StatusCode:: 400, Message:: created_at must be a Date instance, updated_at must be a Date instance
2024-07-17 10:54:41 info: [0mPOST /categories [33m400[0m 13.864 ms - 84[0m
2024-07-17 10:54:49 error: [POST] /categories >> StatusCode:: 400, Message:: created_at must be a Date instance, updated_at must be a Date instance
2024-07-17 10:54:49 info: [0mPOST /categories [33m400[0m 2.096 ms - 84[0m
2024-07-17 10:55:03 info: =================================
2024-07-17 10:55:03 info: ======= ENV: development =======
2024-07-17 10:55:03 info: 🚀 App listening on the port 3000
2024-07-17 10:55:03 info: =================================
2024-07-17 10:55:06 info: [0mPOST /categories [32m201[0m 62.972 ms - 213[0m
2024-07-17 10:55:17 info: [0mGET /categories [32m200[0m 2122.762 ms - 215[0m
2024-07-17 10:55:35 info: [0mGET /categories/1/ [32m200[0m 3.718 ms - 213[0m
2024-07-17 10:56:29 info: [0mGET /categories [32m200[0m 1541.136 ms - 215[0m
2024-07-17 10:57:02 error: [POST] /signup >> StatusCode:: 500, Message:: Error: This email duytd2@vggate.com already exists
2024-07-17 10:57:02 info: [0mPOST /signup [31m500[0m 11.271 ms - 97[0m
2024-07-17 10:57:18 info: =================================
2024-07-17 10:57:18 info: ======= ENV: development =======
2024-07-17 10:57:18 info: 🚀 App listening on the port 3000
2024-07-17 10:57:18 info: =================================
2024-07-17 11:07:59 info: =================================
2024-07-17 11:07:59 info: ======= ENV: development =======
2024-07-17 11:07:59 info: 🚀 App listening on the port 3000
2024-07-17 11:07:59 info: =================================
