2024-08-28 14:24:24 info: =================================
2024-08-28 14:24:24 info: ======= ENV: development =======
2024-08-28 14:24:24 info: 🚀 App listening on the port 3000
2024-08-28 14:24:24 info: =================================
2024-08-28 14:27:54 info: =================================
2024-08-28 14:27:54 info: ======= ENV: development =======
2024-08-28 14:27:54 info: 🚀 App listening on the port 3000
2024-08-28 14:27:54 info: =================================
2024-08-28 16:15:53 error: [GET] /api/v1/admin/categories/ >> StatusCode:: 500, Message:: Invalid queries, check 'errors' property for more info.
2024-08-28 16:15:53 info: [0mGET /api/v1/admin/categories/ [31m500[0m 138.115 ms - 69[0m
2024-08-28 16:16:37 error: [GET] /api/v1/admin/categories/ >> StatusCode:: 500, Message:: Invalid queries, check 'errors' property for more info.
2024-08-28 16:16:37 info: [0mGET /api/v1/admin/categories/ [31m500[0m 2.325 ms - 69[0m
2024-08-28 16:19:07 info: [0mGET /api/v1/admin/categories/1 [32m200[0m 83.887 ms - 114[0m
2024-08-28 16:19:25 error: [GET] /api/v1/admin/categories/ >> StatusCode:: 500, Message:: Invalid queries, check 'errors' property for more info.
2024-08-28 16:19:25 info: [0mGET /api/v1/admin/categories/ [31m500[0m 2.615 ms - 69[0m
2024-08-28 16:29:51 info: [0mGET /api/v1/admin/categories/1 [32m200[0m 4.885 ms - 114[0m
2024-08-28 16:30:57 error: [POST] /api/v1/admin/categories/ >> StatusCode:: 400, Message:: name must be longer than or equal to 5 characters,name should not be empty,name must be a string, description must be a string, status must be a string,status should not be empty
2024-08-28 16:30:57 info: [0mPOST /api/v1/admin/categories/ [33m400[0m 4.460 ms - 192[0m
2024-08-28 16:32:21 info: [0mGET /api/v1/admin/categories/1 [32m200[0m 1.640 ms - 114[0m
2024-08-28 16:32:58 error: [POST] /api/v1/admin/categories/ >> StatusCode:: 400, Message:: name must be longer than or equal to 5 characters,name should not be empty,name must be a string, description must be a string, status must be a string,status should not be empty
2024-08-28 16:32:58 info: [0mPOST /api/v1/admin/categories/ [33m400[0m 2.286 ms - 192[0m
2024-08-28 16:41:31 info: [0mGET /api/v1/admin/categories/1 [32m200[0m 2.494 ms - 114[0m
2024-08-28 16:42:14 error: [POST] /api/v1/admin/categories/ >> StatusCode:: 400, Message:: name must be longer than or equal to 5 characters,name should not be empty,name must be a string, description must be a string, status must be a string,status should not be empty
2024-08-28 16:42:14 info: [0mPOST /api/v1/admin/categories/ [33m400[0m 2.204 ms - 192[0m
2024-08-28 16:42:19 error: [POST] /api/v1/admin/categories/ >> StatusCode:: 400, Message:: name must be longer than or equal to 5 characters,name should not be empty,name must be a string, description must be a string, status must be a string,status should not be empty
2024-08-28 16:42:19 info: [0mPOST /api/v1/admin/categories/ [33m400[0m 1.887 ms - 192[0m
2024-08-28 16:43:01 error: [PUT] /api/v1/admin/categories/2 >> StatusCode:: 400, Message:: name must be longer than or equal to 5 characters,name should not be empty,name must be a string, description must be a string, status must be a string,status should not be empty
2024-08-28 16:43:01 info: [0mPUT /api/v1/admin/categories/2 [33m400[0m 3.710 ms - 192[0m
2024-08-28 16:44:30 info: [0mPUT /api/v1/admin/categories/2 [32m201[0m 131.117 ms - 240[0m
2024-08-28 16:44:41 error: [POST] /api/v1/admin/categories/ >> StatusCode:: 500, Message:: 
Invalid `this.prisma.category.create()` invocation in
D:\BACK-UP\task\DropX-Renew-Backend\src\services\categories.service.ts:27:35

  24 categoryData.created_at = new Date();
  25 categoryData.updated_at = new Date();
  26 
→ 27 return this.prisma.category.create({
       data: {
         name: "test category",
         description: "Just a test product",
         parent: 1,
                 ~
         status: "active",
         created_at: new Date("2024-08-28T09:44:41.645Z"),
         updated_at: new Date("2024-08-28T09:44:41.645Z")
       }
     })

Argument `parent`: Invalid value provided. Expected categoryCreateNestedOneWithoutChildrenInput, provided Int.
2024-08-28 16:44:41 info: [0mPOST /api/v1/admin/categories/ [31m500[0m 53.750 ms - 721[0m
2024-08-28 16:47:05 info: [0mPOST /api/v1/admin/categories/ [32m201[0m 11.326 ms - 246[0m
2024-08-28 16:47:10 error: [POST] /api/v1/admin/categories/ >> StatusCode:: 400, Message:: parent_id must be a number conforming to the specified constraints
2024-08-28 16:47:10 info: [0mPOST /api/v1/admin/categories/ [33m400[0m 1.342 ms - 80[0m
2024-08-28 16:47:25 error: [POST] /api/v1/admin/categories/ >> StatusCode:: 400, Message:: name must be longer than or equal to 5 characters,name must be a string, parent_id must be a number conforming to the specified constraints
2024-08-28 16:47:25 info: [0mPOST /api/v1/admin/categories/ [33m400[0m 2.467 ms - 153[0m
2024-08-28 16:47:32 error: [POST] /api/v1/admin/categories/ >> StatusCode:: 400, Message:: name must be longer than or equal to 5 characters, parent_id must be a number conforming to the specified constraints
2024-08-28 16:47:32 info: [0mPOST /api/v1/admin/categories/ [33m400[0m 2.204 ms - 131[0m
2024-08-28 16:47:37 error: [POST] /api/v1/admin/categories/ >> StatusCode:: 400, Message:: name must be longer than or equal to 5 characters, description must be a string, parent_id must be a number conforming to the specified constraints
2024-08-28 16:47:37 info: [0mPOST /api/v1/admin/categories/ [33m400[0m 2.900 ms - 161[0m
2024-08-28 16:47:47 error: [POST] /api/v1/admin/categories/ >> StatusCode:: 400, Message:: Expected double-quoted property name in JSON at position 71
2024-08-28 16:47:47 info: [0mPOST /api/v1/admin/categories/ [33m400[0m 34.775 ms - 73[0m
2024-08-28 16:47:52 error: [POST] /api/v1/admin/categories/ >> StatusCode:: 400, Message:: name must be longer than or equal to 5 characters, parent_id must be a number conforming to the specified constraints, status must be a string,status should not be empty
2024-08-28 16:47:52 info: [0mPOST /api/v1/admin/categories/ [33m400[0m 1.624 ms - 183[0m
2024-08-28 16:48:02 error: [POST] /api/v1/admin/categories/ >> StatusCode:: 400, Message:: name must be longer than or equal to 5 characters,name should not be empty,name must be a string, status must be a string,status should not be empty
2024-08-28 16:48:02 info: [0mPOST /api/v1/admin/categories/ [33m400[0m 1.681 ms - 162[0m
2024-08-28 17:07:46 info: =================================
2024-08-28 17:07:46 info: ======= ENV: development =======
2024-08-28 17:07:46 info: 🚀 App listening on the port 3000
2024-08-28 17:07:46 info: =================================
